{"numFailedTestSuites":2,"numFailedTests":4,"numPassedTestSuites":1,"numPassedTests":35,"numPendingTestSuites":0,"numPendingTests":0,"numRuntimeErrorTestSuites":0,"numTodoTests":0,"numTotalTestSuites":3,"numTotalTests":39,"openHandles":[],"snapshot":{"added":0,"didUpdate":false,"failure":false,"filesAdded":0,"filesRemoved":0,"filesRemovedList":[],"filesUnmatched":0,"filesUpdated":0,"matched":0,"total":0,"unchecked":0,"uncheckedKeysByFile":[],"unmatched":0,"updated":0},"startTime":1790119607346,"success":false,"testResults":[{"assertionResults":[{"ancestorTitles":[],"failureMessages":[],"fullName":"supports English and uses English for an English browser","location":null,"status":"passed","title":"supports English and uses English for an English browser"},{"ancestorTitles":[],"failureMessages":[],"fullName":"maps browser locale sr to sr-Latn","location":null,"status":"passed","title":"maps browser locale sr to sr-Latn"},{"ancestorTitles":[],"failureMessages":[],"fullName":"maps browser locale sr-RS to sr-Latn","location":null,"status":"passed","title":"maps browser locale sr-RS to sr-Latn"},{"ancestorTitles":[],"failureMessages":[],"fullName":"maps browser locale en-GB to en","location":null,"status":"passed","title":"maps browser locale en-GB to en"},{"ancestorTitles":[],"failureMessages":[],"fullName":"maps browser locale fr-FR to en","location":null,"status":"passed","title":"maps browser locale fr-FR to en"},{"ancestorTitles":[],"failureMessages":[],"fullName":"persisted manual selection overrides browser language","location":null,"status":"passed","title":"persisted manual selection overrides browser language"},{"ancestorTitles":[],"failureMessages":[],"fullName":"falls back to English when a Serbian translation is missing","location":null,"status":"passed","title":"falls back to English when a Serbian translation is missing"},{"ancestorTitles":[],"failureMessages":[],"fullName":"ignores an invalid persisted language","location":null,"status":"passed","title":"ignores an invalid persisted language"}],"endTime":1790119610306,"message":"","name":"D:\\Project\\pwagerman\\src\\i18n\\LanguageProvider.test.js","startTime":1790119608695,"status":"passed","summary":""},{"assertionResults":[{"ancestorTitles":[],"failureMessages":[],"fullName":"lesson data directly uses source and target fields","location":null,"status":"passed","title":"lesson data directly uses source and target fields"},{"ancestorTitles":[],"failureMessages":[],"fullName":"defines six structured lessons with localized metadata","location":null,"status":"passed","title":"defines six structured lessons with localized metadata"},{"ancestorTitles":[],"failureMessages":[],"fullName":"has no duplicate vocabulary pairs across lessons","location":null,"status":"passed","title":"has no duplicate vocabulary pairs across lessons"},{"ancestorTitles":[],"failureMessages":[],"fullName":"lesson chooser exposes all six lessons","location":null,"status":"passed","title":"lesson chooser exposes all six lessons"},{"ancestorTitles":[],"failureMessages":[],"fullName":"Lessons 4 through 6 render in the shared Lesson engine","location":null,"status":"passed","title":"Lessons 4 through 6 render in the shared Lesson engine"},{"ancestorTitles":[],"failureMessages":[],"fullName":"Write renders an English prompt and Serbian answer","location":null,"status":"passed","title":"Write renders an English prompt and Serbian answer"},{"ancestorTitles":[],"failureMessages":[],"fullName":"Write filled answer tiles expose an explicit readable state","location":null,"status":"passed","title":"Write filled answer tiles expose an explicit readable state"},{"ancestorTitles":[],"failureMessages":["TestingLibraryElementError: Unable to find an accessible element with the role \"button\" and name \"house\"\n\nHere are the accessible roles:\n\n  heading:\n\n  Name \"Pair 1\":\n  \u001b[36m<h2\u001b[39m\n    \u001b[33mclass\u001b[39m=\u001b[32m\"sc-gsnTZi ljCiNN\"\u001b[39m\n  \u001b[36m/>\u001b[39m\n\n  --------------------------------------------------\n\n\u001b[36m<body>\u001b[39m\n  \u001b[36m<div>\u001b[39m\n    \u001b[36m<div\u001b[39m\n      \u001b[33mclass\u001b[39m=\u001b[32m\"sc-dIouRR llRXHy\"\u001b[39m\n    \u001b[36m>\u001b[39m\n      \u001b[36m<div\u001b[39m\n        \u001b[33mclass\u001b[39m=\u001b[32m\"sc-bczRLJ cbdzLb\"\u001b[39m\n      \u001b[36m>\u001b[39m\n        \u001b[36m<h2\u001b[39m\n          \u001b[33mclass\u001b[39m=\u001b[32m\"sc-gsnTZi ljCiNN\"\u001b[39m\n        \u001b[36m>\u001b[39m\n          \u001b[0mPair 1\u001b[0m\n        \u001b[36m</h2>\u001b[39m\n      \u001b[36m</div>\u001b[39m\n      \u001b[36m<p\u001b[39m\n        \u001b[33mclass\u001b[39m=\u001b[32m\"sc-hKMtZM kpMnvu\"\u001b[39m\n      \u001b[36m>\u001b[39m\n        \u001b[0mAdd more words to use this exercise.\u001b[0m\n      \u001b[36m</p>\u001b[39m\n    \u001b[36m</div>\u001b[39m\n  \u001b[36m</div>\u001b[39m\n\u001b[36m</body>\u001b[39m\n    at Object.getElementError (D:\\Project\\pwagerman\\node_modules\\@testing-library\\dom\\dist\\config.js:37:19)\n    at D:\\Project\\pwagerman\\node_modules\\@testing-library\\dom\\dist\\query-helpers.js:90:38\n    at D:\\Project\\pwagerman\\node_modules\\@testing-library\\dom\\dist\\query-helpers.js:62:17\n    at getByRole (D:\\Project\\pwagerman\\node_modules\\@testing-library\\dom\\dist\\query-helpers.js:111:19)\n    at Object.<anonymous> (D:\\Project\\pwagerman\\src\\data\\learningModel.test.js:160:17)\n    at Promise.then.completed (D:\\Project\\pwagerman\\node_modules\\jest-circus\\build\\utils.js:391:28)\n    at new Promise (<anonymous>)\n    at callAsyncCircusFn (D:\\Project\\pwagerman\\node_modules\\jest-circus\\build\\utils.js:316:10)\n    at _callCircusTest (D:\\Project\\pwagerman\\node_modules\\jest-circus\\build\\run.js:218:40)\n    at processTicksAndRejections (node:internal/process/task_queues:104:5)\n    at _runTest (D:\\Project\\pwagerman\\node_modules\\jest-circus\\build\\run.js:155:3)\n    at _runTestsForDescribeBlock (D:\\Project\\pwagerman\\node_modules\\jest-circus\\build\\run.js:66:9)\n    at run (D:\\Project\\pwagerman\\node_modules\\jest-circus\\build\\run.js:25:3)\n    at runAndTransformResultsToJestFormat (D:\\Project\\pwagerman\\node_modules\\jest-circus\\build\\legacy-code-todo-rewrite\\jestAdapterInit.js:170:21)\n    at jestAdapter (D:\\Project\\pwagerman\\node_modules\\jest-circus\\build\\legacy-code-todo-rewrite\\jestAdapter.js:82:19)\n    at runTestInternal (D:\\Project\\pwagerman\\node_modules\\jest-runner\\build\\runTest.js:389:16)\n    at runTest (D:\\Project\\pwagerman\\node_modules\\jest-runner\\build\\runTest.js:475:34)\n    at Object.worker (D:\\Project\\pwagerman\\node_modules\\jest-runner\\build\\testWorker.js:133:12)"],"fullName":"Pair renders English source and Serbian target values","location":null,"status":"failed","title":"Pair renders English source and Serbian target values"},{"ancestorTitles":[],"failureMessages":[],"fullName":"Pair shows no more than ten vocabulary pairs per round","location":null,"status":"passed","title":"Pair shows no more than ten vocabulary pairs per round"},{"ancestorTitles":[],"failureMessages":[],"fullName":"Cards render English on the front and Serbian on the back","location":null,"status":"passed","title":"Cards render English on the front and Serbian on the back"},{"ancestorTitles":[],"failureMessages":[],"fullName":"Cards update when navigating to another lesson","location":null,"status":"passed","title":"Cards update when navigating to another lesson"},{"ancestorTitles":[],"failureMessages":[],"fullName":"Test receives multiple-choice options from generic question data","location":null,"status":"passed","title":"Test receives multiple-choice options from generic question data"},{"ancestorTitles":[],"failureMessages":[],"fullName":"Quiz presents an English prompt with Serbian choices and completes","location":null,"status":"passed","title":"Quiz presents an English prompt with Serbian choices and completes"},{"ancestorTitles":[],"failureMessages":[],"fullName":"Test results review the learner answer and correct answer","location":null,"status":"passed","title":"Test results review the learner answer and correct answer"},{"ancestorTitles":[],"failureMessages":[],"fullName":"Test perfect result reports no mistakes","location":null,"status":"passed","title":"Test perfect result reports no mistakes"},{"ancestorTitles":[],"failureMessages":[],"fullName":"active test data contains Serbian-learning questions","location":null,"status":"passed","title":"active test data contains Serbian-learning questions"},{"ancestorTitles":[],"failureMessages":["Error: \u001b[2mexpect(\u001b[22m\u001b[31mjest.fn()\u001b[39m\u001b[2m).\u001b[22mtoHaveBeenCalledWith\u001b[2m(\u001b[22m\u001b[32m...expected\u001b[39m\u001b[2m)\u001b[22m\n\nExpected: \u001b[32m{\"pitch\": 1, \"rate\": 0.92, \"text\": \"kuća\", \"voice\": {\"lang\": \"sr-RS\"}, \"volume\": 1}\u001b[39m\n\nNumber of calls: \u001b[31m0\u001b[39m\n    at Object.<anonymous> (D:\\Project\\pwagerman\\src\\data\\learningModel.test.js:343:21)\n    at Promise.then.completed (D:\\Project\\pwagerman\\node_modules\\jest-circus\\build\\utils.js:391:28)\n    at new Promise (<anonymous>)\n    at callAsyncCircusFn (D:\\Project\\pwagerman\\node_modules\\jest-circus\\build\\utils.js:316:10)\n    at _callCircusTest (D:\\Project\\pwagerman\\node_modules\\jest-circus\\build\\run.js:218:40)\n    at processTicksAndRejections (node:internal/process/task_queues:104:5)\n    at _runTest (D:\\Project\\pwagerman\\node_modules\\jest-circus\\build\\run.js:155:3)\n    at _runTestsForDescribeBlock (D:\\Project\\pwagerman\\node_modules\\jest-circus\\build\\run.js:66:9)\n    at run (D:\\Project\\pwagerman\\node_modules\\jest-circus\\build\\run.js:25:3)\n    at runAndTransformResultsToJestFormat (D:\\Project\\pwagerman\\node_modules\\jest-circus\\build\\legacy-code-todo-rewrite\\jestAdapterInit.js:170:21)\n    at jestAdapter (D:\\Project\\pwagerman\\node_modules\\jest-circus\\build\\legacy-code-todo-rewrite\\jestAdapter.js:82:19)\n    at runTestInternal (D:\\Project\\pwagerman\\node_modules\\jest-runner\\build\\runTest.js:389:16)\n    at runTest (D:\\Project\\pwagerman\\node_modules\\jest-runner\\build\\runTest.js:475:34)\n    at Object.worker (D:\\Project\\pwagerman\\node_modules\\jest-runner\\build\\testWorker.js:133:12)"],"fullName":"SoundButton selects a Serbian voice from its explicit content language","location":null,"status":"failed","title":"SoundButton selects a Serbian voice from its explicit content language"},{"ancestorTitles":[],"failureMessages":[],"fullName":"Serbian voice selection prefers exact local sr-RS voices","location":null,"status":"passed","title":"Serbian voice selection prefers exact local sr-RS voices"},{"ancestorTitles":[],"failureMessages":[],"fullName":"Serbian speech falls back to another sr voice or browser default","location":null,"status":"passed","title":"Serbian speech falls back to another sr voice or browser default"},{"ancestorTitles":[],"failureMessages":["Error: \u001b[2mexpect(\u001b[22m\u001b[31mjest.fn()\u001b[39m\u001b[2m).\u001b[22mtoHaveBeenCalledWith\u001b[2m(\u001b[22m\u001b[32m...expected\u001b[39m\u001b[2m)\u001b[22m\n\nExpected: \u001b[32m{\"pitch\": 1, \"rate\": 0.92, \"text\": \"kuća\", \"voice\": {\"lang\": \"sr-RS\"}, \"volume\": 1}\u001b[39m\n\nNumber of calls: \u001b[31m0\u001b[39m\n    at Object.<anonymous> (D:\\Project\\pwagerman\\src\\data\\learningModel.test.js:383:21)\n    at Promise.then.completed (D:\\Project\\pwagerman\\node_modules\\jest-circus\\build\\utils.js:391:28)\n    at new Promise (<anonymous>)\n    at callAsyncCircusFn (D:\\Project\\pwagerman\\node_modules\\jest-circus\\build\\utils.js:316:10)\n    at _callCircusTest (D:\\Project\\pwagerman\\node_modules\\jest-circus\\build\\run.js:218:40)\n    at processTicksAndRejections (node:internal/process/task_queues:104:5)\n    at _runTest (D:\\Project\\pwagerman\\node_modules\\jest-circus\\build\\run.js:155:3)\n    at _runTestsForDescribeBlock (D:\\Project\\pwagerman\\node_modules\\jest-circus\\build\\run.js:66:9)\n    at run (D:\\Project\\pwagerman\\node_modules\\jest-circus\\build\\run.js:25:3)\n    at runAndTransformResultsToJestFormat (D:\\Project\\pwagerman\\node_modules\\jest-circus\\build\\legacy-code-todo-rewrite\\jestAdapterInit.js:170:21)\n    at jestAdapter (D:\\Project\\pwagerman\\node_modules\\jest-circus\\build\\legacy-code-todo-rewrite\\jestAdapter.js:82:19)\n    at runTestInternal (D:\\Project\\pwagerman\\node_modules\\jest-runner\\build\\runTest.js:389:16)\n    at runTest (D:\\Project\\pwagerman\\node_modules\\jest-runner\\build\\runTest.js:475:34)\n    at Object.worker (D:\\Project\\pwagerman\\node_modules\\jest-runner\\build\\testWorker.js:133:12)"],"fullName":"Lesson speaks the Serbian target","location":null,"status":"failed","title":"Lesson speaks the Serbian target"}],"endTime":1790119611758,"message":"\u001b[1m\u001b[31m  \u001b[1m● \u001b[22m\u001b[1mPair renders English source and Serbian target values\u001b[39m\u001b[22m\n\n    TestingLibraryElementError: Unable to find an accessible element with the role \"button\" and name \"house\"\n\n    Here are the accessible roles:\n\n      heading:\n\n      Name \"Pair 1\":\n      \u001b[36m<h2\u001b[39m\n        \u001b[33mclass\u001b[39m=\u001b[32m\"sc-gsnTZi ljCiNN\"\u001b[39m\n      \u001b[36m/>\u001b[39m\n\n      --------------------------------------------------\n\n    \u001b[36m<body>\u001b[39m\n      \u001b[36m<div>\u001b[39m\n        \u001b[36m<div\u001b[39m\n          \u001b[33mclass\u001b[39m=\u001b[32m\"sc-dIouRR llRXHy\"\u001b[39m\n        \u001b[36m>\u001b[39m\n          \u001b[36m<div\u001b[39m\n            \u001b[33mclass\u001b[39m=\u001b[32m\"sc-bczRLJ cbdzLb\"\u001b[39m\n          \u001b[36m>\u001b[39m\n            \u001b[36m<h2\u001b[39m\n              \u001b[33mclass\u001b[39m=\u001b[32m\"sc-gsnTZi ljCiNN\"\u001b[39m\n            \u001b[36m>\u001b[39m\n              \u001b[0mPair 1\u001b[0m\n            \u001b[36m</h2>\u001b[39m\n          \u001b[36m</div>\u001b[39m\n          \u001b[36m<p\u001b[39m\n            \u001b[33mclass\u001b[39m=\u001b[32m\"sc-hKMtZM kpMnvu\"\u001b[39m\n          \u001b[36m>\u001b[39m\n            \u001b[0mAdd more words to use this exercise.\u001b[0m\n          \u001b[36m</p>\u001b[39m\n        \u001b[36m</div>\u001b[39m\n      \u001b[36m</div>\u001b[39m\n    \u001b[36m</body>\u001b[39m\n\u001b[2m\u001b[22m\n\u001b[2m    \u001b[0m \u001b[90m 158 |\u001b[39m   )\u001b[33m;\u001b[39m\u001b[0m\u001b[22m\n\u001b[2m    \u001b[0m \u001b[90m 159 |\u001b[39m\u001b[0m\u001b[22m\n\u001b[2m    \u001b[0m\u001b[31m\u001b[1m>\u001b[22m\u001b[2m\u001b[39m\u001b[90m 160 |\u001b[39m   expect(screen\u001b[33m.\u001b[39mgetByRole(\u001b[32m\"button\"\u001b[39m\u001b[33m,\u001b[39m { name\u001b[33m:\u001b[39m \u001b[32m\"house\"\u001b[39m }))\u001b[33m.\u001b[39mtoBeTruthy()\u001b[33m;\u001b[39m\u001b[0m\u001b[22m\n\u001b[2m    \u001b[0m \u001b[90m     |\u001b[39m                 \u001b[31m\u001b[1m^\u001b[22m\u001b[2m\u001b[39m\u001b[0m\u001b[22m\n\u001b[2m    \u001b[0m \u001b[90m 161 |\u001b[39m   expect(screen\u001b[33m.\u001b[39mgetAllByRole(\u001b[32m\"button\"\u001b[39m\u001b[33m,\u001b[39m { name\u001b[33m:\u001b[39m \u001b[32m\"kuća\"\u001b[39m })[\u001b[35m0\u001b[39m])\u001b[33m.\u001b[39mtoBeTruthy()\u001b[33m;\u001b[39m\u001b[0m\u001b[22m\n\u001b[2m    \u001b[0m \u001b[90m 162 |\u001b[39m })\u001b[33m;\u001b[39m\u001b[0m\u001b[22m\n\u001b[2m    \u001b[0m \u001b[90m 163 |\u001b[39m\u001b[0m\u001b[22m\n\u001b[2m\u001b[22m\n\u001b[2m      \u001b[2mat Object.getElementError (\u001b[22m\u001b[2mnode_modules/@testing-library/dom/dist/config.js\u001b[2m:37:19)\u001b[22m\u001b[2m\u001b[22m\n\u001b[2m      \u001b[2mat \u001b[22m\u001b[2mnode_modules/@testing-library/dom/dist/query-helpers.js\u001b[2m:90:38\u001b[22m\u001b[2m\u001b[22m\n\u001b[2m      \u001b[2mat \u001b[22m\u001b[2mnode_modules/@testing-library/dom/dist/query-helpers.js\u001b[2m:62:17\u001b[22m\u001b[2m\u001b[22m\n\u001b[2m      \u001b[2mat getByRole (\u001b[22m\u001b[2mnode_modules/@testing-library/dom/dist/query-helpers.js\u001b[2m:111:19)\u001b[22m\u001b[2m\u001b[22m\n\u001b[2m      \u001b[2mat Object.<anonymous> (\u001b[22m\u001b[2m\u001b[0m\u001b[36msrc/data/learningModel.test.js\u001b[39m\u001b[0m\u001b[2m:160:17)\u001b[22m\u001b[2m\u001b[22m\n\n\u001b[1m\u001b[31m  \u001b[1m● \u001b[22m\u001b[1mSoundButton selects a Serbian voice from its explicit content language\u001b[39m\u001b[22m\n\n    \u001b[2mexpect(\u001b[22m\u001b[31mjest.fn()\u001b[39m\u001b[2m).\u001b[22mtoHaveBeenCalledWith\u001b[2m(\u001b[22m\u001b[32m...expected\u001b[39m\u001b[2m)\u001b[22m\n\n    Expected: \u001b[32m{\"pitch\": 1, \"rate\": 0.92, \"text\": \"kuća\", \"voice\": {\"lang\": \"sr-RS\"}, \"volume\": 1}\u001b[39m\n\n    Number of calls: \u001b[31m0\u001b[39m\n\u001b[2m\u001b[22m\n\u001b[2m    \u001b[0m \u001b[90m 341 |\u001b[39m   fireEvent\u001b[33m.\u001b[39mclick(screen\u001b[33m.\u001b[39mgetByText(\u001b[32m\"Kuća\"\u001b[39m))\u001b[33m;\u001b[39m\u001b[0m\u001b[22m\n\u001b[2m    \u001b[0m \u001b[90m 342 |\u001b[39m\u001b[0m\u001b[22m\n\u001b[2m    \u001b[0m\u001b[31m\u001b[1m>\u001b[22m\u001b[2m\u001b[39m\u001b[90m 343 |\u001b[39m   expect(mockSpeak)\u001b[33m.\u001b[39mtoHaveBeenCalledWith({\u001b[0m\u001b[22m\n\u001b[2m    \u001b[0m \u001b[90m     |\u001b[39m                     \u001b[31m\u001b[1m^\u001b[22m\u001b[2m\u001b[39m\u001b[0m\u001b[22m\n\u001b[2m    \u001b[0m \u001b[90m 344 |\u001b[39m     rate\u001b[33m:\u001b[39m \u001b[35m0.92\u001b[39m\u001b[33m,\u001b[39m\u001b[0m\u001b[22m\n\u001b[2m    \u001b[0m \u001b[90m 345 |\u001b[39m     pitch\u001b[33m:\u001b[39m \u001b[35m1\u001b[39m\u001b[33m,\u001b[39m\u001b[0m\u001b[22m\n\u001b[2m    \u001b[0m \u001b[90m 346 |\u001b[39m     volume\u001b[33m:\u001b[39m \u001b[35m1\u001b[39m\u001b[33m,\u001b[39m\u001b[0m\u001b[22m\n\u001b[2m\u001b[22m\n\u001b[2m      \u001b[2mat Object.<anonymous> (\u001b[22m\u001b[2m\u001b[0m\u001b[36msrc/data/learningModel.test.js\u001b[39m\u001b[0m\u001b[2m:343:21)\u001b[22m\u001b[2m\u001b[22m\n\n\u001b[1m\u001b[31m  \u001b[1m● \u001b[22m\u001b[1mLesson speaks the Serbian target\u001b[39m\u001b[22m\n\n    \u001b[2mexpect(\u001b[22m\u001b[31mjest.fn()\u001b[39m\u001b[2m).\u001b[22mtoHaveBeenCalledWith\u001b[2m(\u001b[22m\u001b[32m...expected\u001b[39m\u001b[2m)\u001b[22m\n\n    Expected: \u001b[32m{\"pitch\": 1, \"rate\": 0.92, \"text\": \"kuća\", \"voice\": {\"lang\": \"sr-RS\"}, \"volume\": 1}\u001b[39m\n\n    Number of calls: \u001b[31m0\u001b[39m\n\u001b[2m\u001b[22m\n\u001b[2m    \u001b[0m \u001b[90m 381 |\u001b[39m   fireEvent\u001b[33m.\u001b[39mclick(screen\u001b[33m.\u001b[39mgetByText(\u001b[32m\"kuća\"\u001b[39m))\u001b[33m;\u001b[39m\u001b[0m\u001b[22m\n\u001b[2m    \u001b[0m \u001b[90m 382 |\u001b[39m\u001b[0m\u001b[22m\n\u001b[2m    \u001b[0m\u001b[31m\u001b[1m>\u001b[22m\u001b[2m\u001b[39m\u001b[90m 383 |\u001b[39m   expect(mockSpeak)\u001b[33m.\u001b[39mtoHaveBeenCalledWith({\u001b[0m\u001b[22m\n\u001b[2m    \u001b[0m \u001b[90m     |\u001b[39m                     \u001b[31m\u001b[1m^\u001b[22m\u001b[2m\u001b[39m\u001b[0m\u001b[22m\n\u001b[2m    \u001b[0m \u001b[90m 384 |\u001b[39m     rate\u001b[33m:\u001b[39m \u001b[35m0.92\u001b[39m\u001b[33m,\u001b[39m\u001b[0m\u001b[22m\n\u001b[2m    \u001b[0m \u001b[90m 385 |\u001b[39m     pitch\u001b[33m:\u001b[39m \u001b[35m1\u001b[39m\u001b[33m,\u001b[39m\u001b[0m\u001b[22m\n\u001b[2m    \u001b[0m \u001b[90m 386 |\u001b[39m     volume\u001b[33m:\u001b[39m \u001b[35m1\u001b[39m\u001b[33m,\u001b[39m\u001b[0m\u001b[22m\n\u001b[2m\u001b[22m\n\u001b[2m      \u001b[2mat Object.<anonymous> (\u001b[22m\u001b[2m\u001b[0m\u001b[36msrc/data/learningModel.test.js\u001b[39m\u001b[0m\u001b[2m:383:21)\u001b[22m\u001b[2m\u001b[22m\n","name":"D:\\Project\\pwagerman\\src\\data\\learningModel.test.js","startTime":1790119608703,"status":"failed","summary":""},{"assertionResults":[{"ancestorTitles":[],"failureMessages":[],"fullName":"renders all active navigation labels in English","location":null,"status":"passed","title":"renders all active navigation labels in English"},{"ancestorTitles":[],"failureMessages":[],"fullName":"shows the English language selector with the current language selected","location":null,"status":"passed","title":"shows the English language selector with the current language selected"},{"ancestorTitles":[],"failureMessages":[],"fullName":"renders all active navigation labels in Serbian Latin","location":null,"status":"passed","title":"renders all active navigation labels in Serbian Latin"},{"ancestorTitles":[],"failureMessages":[],"fullName":"switches between Serbian and English through the selector","location":null,"status":"passed","title":"switches between Serbian and English through the selector"},{"ancestorTitles":[],"failureMessages":[],"fullName":"localizes lesson metadata without changing vocabulary","location":null,"status":"passed","title":"localizes lesson metadata without changing vocabulary"},{"ancestorTitles":[],"failureMessages":[],"fullName":"localizes an exercise action button","location":null,"status":"passed","title":"localizes an exercise action button"},{"ancestorTitles":[],"failureMessages":[],"fullName":"localizes the not-found screen","location":null,"status":"passed","title":"localizes the not-found screen"},{"ancestorTitles":[],"failureMessages":[],"fullName":"changing language does not change the current route","location":null,"status":"passed","title":"changing language does not change the current route"},{"ancestorTitles":[],"failureMessages":[],"fullName":"uses browser detection after an invalid persisted language","location":null,"status":"passed","title":"uses browser detection after an invalid persisted language"},{"ancestorTitles":[],"failureMessages":["Error: useHref() may be used only in the context of a <Router> component.\n    at invariant (D:\\Project\\packages\\react-router\\index.tsx:24:20)\n    at Object.useHref (D:\\Project\\packages\\react-router\\index.tsx:358:3)\n    at LinkWithRef (D:\\Project\\packages\\react-router-dom\\index.tsx:263:16)\n    at renderWithHooks (D:\\Project\\pwagerman\\node_modules\\react-dom\\cjs\\react-dom.development.js:14985:18)\n    at updateForwardRef (D:\\Project\\pwagerman\\node_modules\\react-dom\\cjs\\react-dom.development.js:17044:20)\n    at beginWork (D:\\Project\\pwagerman\\node_modules\\react-dom\\cjs\\react-dom.development.js:19098:16)\n    at HTMLUnknownElement.callCallback (D:\\Project\\pwagerman\\node_modules\\react-dom\\cjs\\react-dom.development.js:3945:14)\n    at HTMLUnknownElement.callTheUserObjectsOperation (D:\\Project\\pwagerman\\node_modules\\jsdom\\lib\\jsdom\\living\\generated\\EventListener.js:26:30)\n    at innerInvokeEventListeners (D:\\Project\\pwagerman\\node_modules\\jsdom\\lib\\jsdom\\living\\events\\EventTarget-impl.js:338:25)\n    at invokeEventListeners (D:\\Project\\pwagerman\\node_modules\\jsdom\\lib\\jsdom\\living\\events\\EventTarget-impl.js:274:3)\n    at HTMLUnknownElementImpl._dispatch (D:\\Project\\pwagerman\\node_modules\\jsdom\\lib\\jsdom\\living\\events\\EventTarget-impl.js:221:9)\n    at HTMLUnknownElementImpl.dispatchEvent (D:\\Project\\pwagerman\\node_modules\\jsdom\\lib\\jsdom\\living\\events\\EventTarget-impl.js:94:17)\n    at HTMLUnknownElement.dispatchEvent (D:\\Project\\pwagerman\\node_modules\\jsdom\\lib\\jsdom\\living\\generated\\EventTarget.js:231:34)\n    at Object.invokeGuardedCallbackDev (D:\\Project\\pwagerman\\node_modules\\react-dom\\cjs\\react-dom.development.js:3994:16)\n    at invokeGuardedCallback (D:\\Project\\pwagerman\\node_modules\\react-dom\\cjs\\react-dom.development.js:4056:31)\n    at beginWork$1 (D:\\Project\\pwagerman\\node_modules\\react-dom\\cjs\\react-dom.development.js:23964:7)\n    at performUnitOfWork (D:\\Project\\pwagerman\\node_modules\\react-dom\\cjs\\react-dom.development.js:22779:12)\n    at workLoopSync (D:\\Project\\pwagerman\\node_modules\\react-dom\\cjs\\react-dom.development.js:22707:5)\n    at renderRootSync (D:\\Project\\pwagerman\\node_modules\\react-dom\\cjs\\react-dom.development.js:22670:7)\n    at performSyncWorkOnRoot (D:\\Project\\pwagerman\\node_modules\\react-dom\\cjs\\react-dom.development.js:22293:18)\n    at scheduleUpdateOnFiber (D:\\Project\\pwagerman\\node_modules\\react-dom\\cjs\\react-dom.development.js:21881:7)\n    at updateContainer (D:\\Project\\pwagerman\\node_modules\\react-dom\\cjs\\react-dom.development.js:25482:3)\n    at D:\\Project\\pwagerman\\node_modules\\react-dom\\cjs\\react-dom.development.js:26021:7\n    at unbatchedUpdates (D:\\Project\\pwagerman\\node_modules\\react-dom\\cjs\\react-dom.development.js:22431:12)\n    at legacyRenderSubtreeIntoContainer (D:\\Project\\pwagerman\\node_modules\\react-dom\\cjs\\react-dom.development.js:26020:5)\n    at Object.render (D:\\Project\\pwagerman\\node_modules\\react-dom\\cjs\\react-dom.development.js:26103:10)\n    at D:\\Project\\pwagerman\\node_modules\\@testing-library\\react\\dist\\pure.js:101:25\n    at batchedUpdates$1 (D:\\Project\\pwagerman\\node_modules\\react-dom\\cjs\\react-dom.development.js:22380:12)\n    at act (D:\\Project\\pwagerman\\node_modules\\react-dom\\cjs\\react-dom-test-utils.development.js:1042:14)\n    at render (D:\\Project\\pwagerman\\node_modules\\@testing-library\\react\\dist\\pure.js:97:26)\n    at renderWithLanguage (D:\\Project\\pwagerman\\src\\components\\localizedUi.test.js:27:10)\n    at Object.<anonymous> (D:\\Project\\pwagerman\\src\\components\\localizedUi.test.js:194:3)\n    at Promise.then.completed (D:\\Project\\pwagerman\\node_modules\\jest-circus\\build\\utils.js:391:28)\n    at new Promise (<anonymous>)\n    at callAsyncCircusFn (D:\\Project\\pwagerman\\node_modules\\jest-circus\\build\\utils.js:316:10)\n    at _callCircusTest (D:\\Project\\pwagerman\\node_modules\\jest-circus\\build\\run.js:218:40)\n    at processTicksAndRejections (node:internal/process/task_queues:104:5)\n    at _runTest (D:\\Project\\pwagerman\\node_modules\\jest-circus\\build\\run.js:155:3)\n    at _runTestsForDescribeBlock (D:\\Project\\pwagerman\\node_modules\\jest-circus\\build\\run.js:66:9)\n    at run (D:\\Project\\pwagerman\\node_modules\\jest-circus\\build\\run.js:25:3)\n    at runAndTransformResultsToJestFormat (D:\\Project\\pwagerman\\node_modules\\jest-circus\\build\\legacy-code-todo-rewrite\\jestAdapterInit.js:170:21)\n    at jestAdapter (D:\\Project\\pwagerman\\node_modules\\jest-circus\\build\\legacy-code-todo-rewrite\\jestAdapter.js:82:19)\n    at runTestInternal (D:\\Project\\pwagerman\\node_modules\\jest-runner\\build\\runTest.js:389:16)\n    at runTest (D:\\Project\\pwagerman\\node_modules\\jest-runner\\build\\runTest.js:475:34)\n    at Object.worker (D:\\Project\\pwagerman\\node_modules\\jest-runner\\build\\testWorker.js:133:12)"],"fullName":"renders Serbian A1 branding in English UI","location":null,"status":"failed","title":"renders Serbian A1 branding in English UI"},{"ancestorTitles":[],"failureMessages":[],"fullName":"switches visible branding and document title with the UI language","location":null,"status":"passed","title":"switches visible branding and document title with the UI language"}],"endTime":1790119612532,"message":"\u001b[1m\u001b[31m  \u001b[1m● \u001b[22m\u001b[1mrenders Serbian A1 branding in English UI\u001b[39m\u001b[22m\n\n    useHref() may be used only in the context of a <Router> component.\n\u001b[2m\u001b[22m\n\u001b[2m      \u001b[2mat invariant (\u001b[22m\u001b[2m../packages/react-router/index.tsx\u001b[2m:24:20)\u001b[22m\u001b[2m\u001b[22m\n\u001b[2m      \u001b[2mat Object.useHref (\u001b[22m\u001b[2m../packages/react-router/index.tsx\u001b[2m:358:3)\u001b[22m\u001b[2m\u001b[22m\n\u001b[2m      \u001b[2mat LinkWithRef (\u001b[22m\u001b[2m../packages/react-router-dom/index.tsx\u001b[2m:263:16)\u001b[22m\u001b[2m\u001b[22m\n\u001b[2m      \u001b[2mat renderWithHooks (\u001b[22m\u001b[2mnode_modules/react-dom/cjs/react-dom.development.js\u001b[2m:14985:18)\u001b[22m\u001b[2m\u001b[22m\n\u001b[2m      \u001b[2mat updateForwardRef (\u001b[22m\u001b[2mnode_modules/react-dom/cjs/react-dom.development.js\u001b[2m:17044:20)\u001b[22m\u001b[2m\u001b[22m\n\u001b[2m      \u001b[2mat beginWork (\u001b[22m\u001b[2mnode_modules/react-dom/cjs/react-dom.development.js\u001b[2m:19098:16)\u001b[22m\u001b[2m\u001b[22m\n\u001b[2m      \u001b[2mat HTMLUnknownElement.callCallback (\u001b[22m\u001b[2mnode_modules/react-dom/cjs/react-dom.development.js\u001b[2m:3945:14)\u001b[22m\u001b[2m\u001b[22m\n\u001b[2m      \u001b[2mat HTMLUnknownElement.callTheUserObjectsOperation (\u001b[22m\u001b[2mnode_modules/jsdom/lib/jsdom/living/generated/EventListener.js\u001b[2m:26:30)\u001b[22m\u001b[2m\u001b[22m\n\u001b[2m      \u001b[2mat innerInvokeEventListeners (\u001b[22m\u001b[2mnode_modules/jsdom/lib/jsdom/living/events/EventTarget-impl.js\u001b[2m:338:25)\u001b[22m\u001b[2m\u001b[22m\n\u001b[2m      \u001b[2mat invokeEventListeners (\u001b[22m\u001b[2mnode_modules/jsdom/lib/jsdom/living/events/EventTarget-impl.js\u001b[2m:274:3)\u001b[22m\u001b[2m\u001b[22m\n\u001b[2m      \u001b[2mat HTMLUnknownElementImpl._dispatch (\u001b[22m\u001b[2mnode_modules/jsdom/lib/jsdom/living/events/EventTarget-impl.js\u001b[2m:221:9)\u001b[22m\u001b[2m\u001b[22m\n\u001b[2m      \u001b[2mat HTMLUnknownElementImpl.dispatchEvent (\u001b[22m\u001b[2mnode_modules/jsdom/lib/jsdom/living/events/EventTarget-impl.js\u001b[2m:94:17)\u001b[22m\u001b[2m\u001b[22m\n\u001b[2m      \u001b[2mat HTMLUnknownElement.dispatchEvent (\u001b[22m\u001b[2mnode_modules/jsdom/lib/jsdom/living/generated/EventTarget.js\u001b[2m:231:34)\u001b[22m\u001b[2m\u001b[22m\n\u001b[2m      \u001b[2mat Object.invokeGuardedCallbackDev (\u001b[22m\u001b[2mnode_modules/react-dom/cjs/react-dom.development.js\u001b[2m:3994:16)\u001b[22m\u001b[2m\u001b[22m\n\u001b[2m      \u001b[2mat invokeGuardedCallback (\u001b[22m\u001b[2mnode_modules/react-dom/cjs/react-dom.development.js\u001b[2m:4056:31)\u001b[22m\u001b[2m\u001b[22m\n\u001b[2m      \u001b[2mat beginWork$1 (\u001b[22m\u001b[2mnode_modules/react-dom/cjs/react-dom.development.js\u001b[2m:23964:7)\u001b[22m\u001b[2m\u001b[22m\n\u001b[2m      \u001b[2mat performUnitOfWork (\u001b[22m\u001b[2mnode_modules/react-dom/cjs/react-dom.development.js\u001b[2m:22779:12)\u001b[22m\u001b[2m\u001b[22m\n\u001b[2m      \u001b[2mat workLoopSync (\u001b[22m\u001b[2mnode_modules/react-dom/cjs/react-dom.development.js\u001b[2m:22707:5)\u001b[22m\u001b[2m\u001b[22m\n\u001b[2m      \u001b[2mat renderRootSync (\u001b[22m\u001b[2mnode_modules/react-dom/cjs/react-dom.development.js\u001b[2m:22670:7)\u001b[22m\u001b[2m\u001b[22m\n\u001b[2m      \u001b[2mat performSyncWorkOnRoot (\u001b[22m\u001b[2mnode_modules/react-dom/cjs/react-dom.development.js\u001b[2m:22293:18)\u001b[22m\u001b[2m\u001b[22m\n\u001b[2m      \u001b[2mat scheduleUpdateOnFiber (\u001b[22m\u001b[2mnode_modules/react-dom/cjs/react-dom.development.js\u001b[2m:21881:7)\u001b[22m\u001b[2m\u001b[22m\n\u001b[2m      \u001b[2mat updateContainer (\u001b[22m\u001b[2mnode_modules/react-dom/cjs/react-dom.development.js\u001b[2m:25482:3)\u001b[22m\u001b[2m\u001b[22m\n\u001b[2m      \u001b[2mat \u001b[22m\u001b[2mnode_modules/react-dom/cjs/react-dom.development.js\u001b[2m:26021:7\u001b[22m\u001b[2m\u001b[22m\n\u001b[2m      \u001b[2mat unbatchedUpdates (\u001b[22m\u001b[2mnode_modules/react-dom/cjs/react-dom.development.js\u001b[2m:22431:12)\u001b[22m\u001b[2m\u001b[22m\n\u001b[2m      \u001b[2mat legacyRenderSubtreeIntoContainer (\u001b[22m\u001b[2mnode_modules/react-dom/cjs/react-dom.development.js\u001b[2m:26020:5)\u001b[22m\u001b[2m\u001b[22m\n\u001b[2m      \u001b[2mat Object.render (\u001b[22m\u001b[2mnode_modules/react-dom/cjs/react-dom.development.js\u001b[2m:26103:10)\u001b[22m\u001b[2m\u001b[22m\n\u001b[2m      \u001b[2mat \u001b[22m\u001b[2mnode_modules/@testing-library/react/dist/pure.js\u001b[2m:101:25\u001b[22m\u001b[2m\u001b[22m\n\u001b[2m      \u001b[2mat batchedUpdates$1 (\u001b[22m\u001b[2mnode_modules/react-dom/cjs/react-dom.development.js\u001b[2m:22380:12)\u001b[22m\u001b[2m\u001b[22m\n\u001b[2m      \u001b[2mat act (\u001b[22m\u001b[2mnode_modules/react-dom/cjs/react-dom-test-utils.development.js\u001b[2m:1042:14)\u001b[22m\u001b[2m\u001b[22m\n\u001b[2m      \u001b[2mat render (\u001b[22m\u001b[2mnode_modules/@testing-library/react/dist/pure.js\u001b[2m:97:26)\u001b[22m\u001b[2m\u001b[22m\n\u001b[2m      \u001b[2mat renderWithLanguage (\u001b[22m\u001b[2m\u001b[0m\u001b[36msrc/components/localizedUi.test.js\u001b[39m\u001b[0m\u001b[2m:27:10)\u001b[22m\u001b[2m\u001b[22m\n\u001b[2m      \u001b[2mat Object.<anonymous> (\u001b[22m\u001b[2m\u001b[0m\u001b[36msrc/components/localizedUi.test.js\u001b[39m\u001b[0m\u001b[2m:194:3)\u001b[22m\u001b[2m\u001b[22m\n","name":"D:\\Project\\pwagerman\\src\\components\\localizedUi.test.js","startTime":1790119608697,"status":"failed","summary":""}],"wasInterrupted":false}